C:\Users\25760\.conda\envs\torch\python.exe "D:/Softwares/JetBrains/PyCharm 2023.1/plugins/python/helpers/pydev/pydevd.py" --multiprocess --qt-support=auto --client 127.0.0.1 --port 60450 --file E:\PythonProject\machine_learning\ML_project-Data_4\ML_project\MOEAs\NSGA2.py
Connected to pydev debugger (build 231.8109.197)
====================================================================
gen|  eval  |      gd     |     igd     |      hv     |   spacing
--------------------------------------------------------------------
 0 |   50   |     None    |     None    | 8.41278E-02 | 1.20380E+04
 5 |  300   |     None    |     None    | 1.21020E-01 | 4.72256E+03
 10|  550   |     None    |     None    | 1.40718E-01 | 5.11388E+03
 15|  800   |     None    |     None    | 1.19704E-01 | 5.15105E+03
 20|  1050  |     None    |     None    | 1.38176E-01 | 4.88231E+03
 25|  1300  |     None    |     None    | 1.40752E-01 | 4.15592E+03
 30|  1550  |     None    |     None    | 1.51349E-01 | 4.94691E+03
 35|  1800  |     None    |     None    | 1.37420E-01 | 4.69595E+03
 40|  2050  |     None    |     None    | 1.55709E-01 | 5.70231E+03
 45|  2300  |     None    |     None    | 1.43271E-01 | 5.06286E+03
 50|  2550  |     None    |     None    | 1.49737E-01 | 6.56368E+03
 55|  2800  |     None    |     None    | 1.47131E-01 | 3.73126E+03
 60|  3050  |     None    |     None    | 1.54035E-01 | 5.75939E+03
 65|  3300  |     None    |     None    | 1.54486E-01 | 5.12924E+03
 70|  3550  |     None    |     None    | 1.50047E-01 | 6.03316E+03
 75|  3800  |     None    |     None    | 1.53992E-01 | 5.58920E+03
 80|  4050  |     None    |     None    | 1.50573E-01 | 7.13096E+03
 85|  4300  |     None    |     None    | 1.52361E-01 | 5.42708E+03
 90|  4550  |     None    |     None    | 1.56761E-01 | 5.08156E+03
 95|  4800  |     None    |     None    | 1.57684E-01 | 4.49071E+03
 99|  5000  |     None    |     None    | 1.64815E-01 | 4.53548E+03
<bound method Population.getInfo of <geatpy.Population.Population object at 0x000001C0896E3BB0>>
用时：631.3906171321869 秒
非支配个体数：50 个

Process finished with exit code 0
