C:\Users\25760\.conda\envs\torch\python.exe "D:/Softwares/JetBrains/PyCharm 2023.1/plugins/python/helpers/pydev/pydevd.py" --multiprocess --qt-support=auto --client 127.0.0.1 --port 60987 --file E:\PythonProject\machine_learning\ML_project-Data_4\ML_project\MOEAs\MOPSO.py
Connected to pydev debugger (build 231.8109.197)
====================================================================
gen|  eval  |      gd     |     igd     |      hv     |   spacing
--------------------------------------------------------------------
 0 |   50   |     None    |     None    | 3.31968E-03 | 1.22083E+04
 5 |  300   |     None    |     None    | 4.42089E-03 | 8.61145E+03
 10|  550   |     None    |     None    | 2.52580E-03 | 4.52601E+03
 15|  800   |     None    |     None    | 1.01008E-03 | 2.83534E+03
 20|  1050  |     None    |     None    | 7.44634E-04 | 1.52772E+03
 25|  1300  |     None    |     None    | 1.11798E-03 | 1.39725E+03
 30|  1550  |     None    |     None    | 1.28115E-03 | 1.90582E+03
 35|  1800  |     None    |     None    | 1.21212E-03 | 2.06813E+03
 40|  2050  |     None    |     None    | 1.25917E-03 | 2.44146E+03
 45|  2300  |     None    |     None    | 2.07698E-03 | 2.25285E+03
 50|  2550  |     None    |     None    | 2.01645E-03 | 2.30685E+03
 55|  2800  |     None    |     None    | 1.43686E-03 | 1.92749E+03
 60|  3050  |     None    |     None    | 1.55251E-03 | 1.83579E+03
 65|  3300  |     None    |     None    | 1.36474E-03 | 2.41171E+03
 70|  3550  |     None    |     None    | 1.68742E-03 | 2.43133E+03
 75|  3800  |     None    |     None    | 1.68834E-03 | 2.57989E+03
 80|  4050  |     None    |     None    | 1.79810E-03 | 1.47107E+03
 85|  4300  |     None    |     None    | 1.91022E-03 | 2.18914E+03
 90|  4550  |     None    |     None    | 2.21867E-03 | 2.13768E+03
 95|  4800  |     None    |     None    | 2.36797E-03 | 1.85402E+03
 99|  5000  |     None    |     None    | 2.75534E-03 | 1.18542E+03
用时：35.648780822753906 秒
非支配个体数：500 个

Process finished with exit code 0
