C:\Users\25760\.conda\envs\torch\python.exe "D:/Softwares/JetBrains/PyCharm 2023.1/plugins/python/helpers/pydev/pydevd.py" --multiprocess --qt-support=auto --client 127.0.0.1 --port 61037 --file E:\PythonProject\machine_learning\ML_project-Data_4\ML_project\MOEAs\IBEA.py
Connected to pydev debugger (build 231.8109.197)
====================================================================
gen|  eval  |      gd     |     igd     |      hv     |   spacing
--------------------------------------------------------------------
 0 |   42   |     None    |     None    | 2.21429E-03 | 1.52215E+04
 5 |  252   |     None    |     None    | 4.98527E-04 | 4.58677E+03
 10|  462   |     None    |     None    | 1.35868E-05 | 1.04130E+03
 15|  672   |     None    |     None    | 7.28301E-06 | 1.43410E+03
 20|  882   |     None    |     None    | 3.98874E-06 | 1.61411E+03
 25|  1092  |     None    |     None    | 4.90092E-06 | 5.30210E+02
 30|  1302  |     None    |     None    | 2.10382E-06 | 0.00000E+00
 35|  1512  |     None    |     None    | 5.74561E-06 | 4.86494E+02
 40|  1722  |     None    |     None    | 7.32583E-06 | 3.30813E+03
 45|  1932  |     None    |     None    | 2.86462E-06 | 5.06667E+02
 50|  2142  |     None    |     None    | 1.09515E-06 | 3.69573E+02
 55|  2352  |     None    |     None    | 6.89097E-06 | 1.35203E+03
 60|  2562  |     None    |     None    | 1.20132E-05 | 1.66913E+03
 65|  2772  |     None    |     None    | 5.82076E-06 | 6.68366E+02
 70|  2982  |     None    |     None    | 6.57420E-06 | 9.58669E+02
 75|  3192  |     None    |     None    | 5.05954E-06 | 1.26049E+03
 80|  3402  |     None    |     None    | 3.15263E-06 | 4.38212E+02
 85|  3612  |     None    |     None    | 2.59902E-06 | 6.10432E+02
 90|  3822  |     None    |     None    | 2.77182E-06 | 2.01100E+02
 95|  4032  |     None    |     None    | 9.93932E-06 | 1.62238E+03
 99|  4200  |     None    |     None    | 1.87276E-06 | 3.48340E+02
用时：14.250836610794067 秒
非支配个体数：5 个

Process finished with exit code 0
