C:\Users\25760\.conda\envs\torch\python.exe "D:/Softwares/JetBrains/PyCharm 2023.1/plugins/python/helpers/pydev/pydevd.py" --multiprocess --qt-support=auto --client 127.0.0.1 --port 50079 --file E:\PythonProject\machine_learning\ML_project-Data_4\ML_project\MOEAs\IBEA.py
Connected to pydev debugger (build 231.8109.197)
====================================================================
gen|  eval  |      gd     |     igd     |      hv     |   spacing
--------------------------------------------------------------------
 0 |   35   |     None    |     None    | 1.80950E-01 | 1.67281E+06
 5 |  210   |     None    |     None    | 1.12706E-01 | 1.70356E+05
 10|  385   |     None    |     None    | 8.94388E-02 | 2.71958E+05
 15|  560   |     None    |     None    | 7.23270E-02 | 1.63332E+05
 20|  735   |     None    |     None    | 7.57558E-02 | 2.55532E+05
 25|  910   |     None    |     None    | 1.22743E-01 | 2.05554E+05
 30|  1085  |     None    |     None    | 9.22907E-02 | 6.42829E+04
 35|  1260  |     None    |     None    | 1.19067E-01 | 2.85890E+05
 40|  1435  |     None    |     None    | 1.08790E-01 | 9.65288E+04
 45|  1610  |     None    |     None    | 1.00298E-01 | 2.89202E+05
 50|  1785  |     None    |     None    | 9.68021E-02 | 1.37880E+06
 55|  1960  |     None    |     None    | 9.49107E-02 | 5.30131E+05
 60|  2135  |     None    |     None    | 7.45564E-02 | 1.53513E+06
 65|  2310  |     None    |     None    | 1.35011E-01 | 4.71204E+05
 70|  2485  |     None    |     None    | 9.03405E-02 | 2.72218E+05
 75|  2660  |     None    |     None    | 1.04609E-01 | 3.58843E+05
 80|  2835  |     None    |     None    | 1.19487E-01 | 3.41189E+05
 85|  3010  |     None    |     None    | 9.27187E-02 | 8.85068E+04
 90|  3185  |     None    |     None    | 9.99633E-02 | 5.14060E+04
 95|  3360  |     None    |     None    | 1.63228E-01 | 6.86127E+05
 99|  3500  |     None    |     None    | 1.67314E-01 | 7.79039E+05
用时：9.088840246200562 秒
非支配个体数：23 个

Process finished with exit code 0
