C:\Users\25760\.conda\envs\torch\python.exe "D:/Softwares/JetBrains/PyCharm 2023.1/plugins/python/helpers/pydev/pydevd.py" --multiprocess --qt-support=auto --client 127.0.0.1 --port 50743 --file E:\PythonProject\machine_learning\ML_project-Data_4\ML_project\MOEAs\MOEAD.py
Connected to pydev debugger (build 231.8109.197)
====================================================================
gen|  eval  |      gd     |     igd     |      hv     |   spacing
--------------------------------------------------------------------
 0 |   35   |     None    |     None    | 3.20498E-02 | 5.71159E+03
 5 |  210   |     None    |     None    | 1.25079E-04 | 1.34356E+02
 10|  385   |     None    |     None    | 7.29776E-05 | 0.00000E+00
 15|  560   |     None    |     None    | 9.70160E-05 | 1.18058E+02
 20|  735   |     None    |     None    | 8.94597E-05 | 3.95635E+01
 25|  910   |     None    |     None    | 8.34717E-05 | 0.00000E+00
 30|  1085  |     None    |     None    | 1.15885E-04 | 7.60120E+01
 35|  1260  |     None    |     None    | 8.78208E-05 | 5.03573E+01
 40|  1435  |     None    |     None    | 9.06237E-05 | 1.07857E+02
 45|  1610  |     None    |     None    | 9.13464E-05 | 1.10545E+02
 50|  1785  |     None    |     None    | 1.13585E-04 | 8.50341E+01
 55|  1960  |     None    |     None    | 1.11510E-04 | 1.24845E+02
 60|  2135  |     None    |     None    | 1.11717E-04 | 7.03272E+01
 65|  2310  |     None    |     None    | 1.00192E-04 | 6.78567E+01
 70|  2485  |     None    |     None    | 9.67094E-05 | 6.41932E+01
 75|  2660  |     None    |     None    | 7.90825E-05 | 8.91264E+01
 80|  2835  |     None    |     None    | 9.42855E-05 | 8.26897E+01
 85|  3010  |     None    |     None    | 1.23464E-04 | 1.82597E+02
 90|  3185  |     None    |     None    | 1.25350E-04 | 1.96567E+02
 95|  3360  |     None    |     None    | 1.25367E-04 | 1.93572E+02
 99|  3500  |     None    |     None    | 1.12964E-04 | 1.63593E+02
用时：432.46813702583313 秒
非支配个体数：17 个

Process finished with exit code 0
