C:\Users\25760\.conda\envs\torch\python.exe "D:/Softwares/JetBrains/PyCharm 2023.1/plugins/python/helpers/pydev/pydevd.py" --multiprocess --qt-support=auto --client 127.0.0.1 --port 54297 --file E:\PythonProject\machine_learning\ML_project-Data_4\ML_project\MOEAs\IBEA.py
Connected to pydev debugger (build 231.8109.197)
====================================================================
gen|  eval  |      gd     |     igd     |      hv     |   spacing
--------------------------------------------------------------------
 0 |   35   |     None    |     None    | 5.17226E-02 | 8.98068E+03
 5 |  210   |     None    |     None    | 3.39477E-02 | 4.25667E+03
 10|  385   |     None    |     None    | 3.94119E-03 | 1.98915E+03
 15|  560   |     None    |     None    | 1.80311E-03 | 8.84419E+02
 20|  735   |     None    |     None    | 2.19235E-03 | 8.30127E+02
 25|  910   |     None    |     None    | 1.71588E-03 | 1.01874E+03
 30|  1085  |     None    |     None    | 1.11349E-03 | 7.80187E+02
 35|  1260  |     None    |     None    | 8.09392E-04 | 9.90590E+02
 40|  1435  |     None    |     None    | 8.93948E-04 | 1.14579E+03
 45|  1610  |     None    |     None    | 1.34862E-03 | 1.75989E+03
 50|  1785  |     None    |     None    | 7.60023E-04 | 6.36916E+02
 55|  1960  |     None    |     None    | 5.50531E-04 | 6.14864E+02
 60|  2135  |     None    |     None    | 6.44600E-04 | 4.58916E+02
 65|  2310  |     None    |     None    | 6.67237E-04 | 8.88948E+02
 70|  2485  |     None    |     None    | 6.87927E-04 | 6.74548E+02
 75|  2660  |     None    |     None    | 7.30403E-04 | 4.91079E+02
 80|  2835  |     None    |     None    | 7.80038E-04 | 5.62985E+02
 85|  3010  |     None    |     None    | 5.81781E-04 | 4.09762E+02
 90|  3185  |     None    |     None    | 5.37245E-04 | 2.50457E+02
 95|  3360  |     None    |     None    | 4.76269E-04 | 4.04198E+02
 99|  3500  |     None    |     None    | 4.63404E-04 | 4.16663E+02
用时：557.4237122535706 秒
非支配个体数：31 个

Process finished with exit code 0
