C:\Users\25760\.conda\envs\torch\python.exe "D:/Softwares/JetBrains/PyCharm 2023.1/plugins/python/helpers/pydev/pydevd.py" --multiprocess --qt-support=auto --client 127.0.0.1 --port 49891 --file E:\PythonProject\machine_learning\ML_project-Data_4\ML_project\MOEAs\MOEADDRA.py
Connected to pydev debugger (build 231.8109.197)
====================================================================
gen|  eval  |      gd     |     igd     |      hv     |   spacing
--------------------------------------------------------------------
 0 |   35   |     None    |     None    | 1.85551E-01 | 7.50699E+05
 5 |  210   |     None    |     None    | 9.77872E-03 | 1.22963E+05
 10|  385   |     None    |     None    | 6.61538E-02 | 2.06472E+05
 15|  560   |     None    |     None    | 6.47381E-02 | 2.13482E+05
 20|  735   |     None    |     None    | 2.97135E-02 | 1.06945E+05
 25|  910   |     None    |     None    | 3.75426E-02 | 1.11660E+05
 30|  1085  |     None    |     None    | 4.24858E-02 | 1.03189E+05
 35|  1260  |     None    |     None    | 1.34814E-01 | 1.73877E+05
 40|  1435  |     None    |     None    | 1.30311E-01 | 1.67629E+05
 45|  1610  |     None    |     None    | 1.44455E-01 | 1.57830E+05
 50|  1785  |     None    |     None    | 1.54498E-01 | 1.55518E+05
 55|  1960  |     None    |     None    | 1.92627E-01 | 1.63253E+05
 60|  2135  |     None    |     None    | 2.02066E-01 | 1.67968E+05
 65|  2310  |     None    |     None    | 2.01218E-01 | 1.68524E+05
 70|  2485  |     None    |     None    | 2.03294E-01 | 1.66373E+05
 75|  2660  |     None    |     None    | 2.03572E-01 | 1.60463E+05
 80|  2835  |     None    |     None    | 2.05571E-01 | 1.63469E+05
 85|  3010  |     None    |     None    | 2.05610E-01 | 1.64668E+05
 90|  3185  |     None    |     None    | 2.06438E-01 | 1.66245E+05
 95|  3360  |     None    |     None    | 2.09352E-01 | 1.67005E+05
 99|  3500  |     None    |     None    | 2.11834E-01 | 3.87343E+03
用时：9.785254955291748 秒
非支配个体数：350 个

Process finished with exit code 0
