C:\Users\25760\.conda\envs\torch\python.exe "D:/Softwares/JetBrains/PyCharm 2023.1/plugins/python/helpers/pydev/pydevd.py" --multiprocess --qt-support=auto --client 127.0.0.1 --port 61085 --file E:\PythonProject\machine_learning\ML_project-Data_4\ML_project\MOEAs\NSGA2.py
Connected to pydev debugger (build 231.8109.197)
====================================================================
gen|  eval  |      gd     |     igd     |      hv     |   spacing
--------------------------------------------------------------------
 0 |   50   |     None    |     None    | 3.31968E-03 | 1.22083E+04
 5 |  300   |     None    |     None    | 1.31042E-02 | 1.03926E+04
 10|  550   |     None    |     None    | 4.09330E-03 | 5.88373E+03
 15|  800   |     None    |     None    | 1.63186E-03 | 4.35711E+03
 20|  1050  |     None    |     None    | 1.92762E-03 | 2.66603E+03
 25|  1300  |     None    |     None    | 1.43802E-03 | 2.23524E+03
 30|  1550  |     None    |     None    | 1.36023E-03 | 2.82170E+03
 35|  1800  |     None    |     None    | 1.14886E-03 | 2.82852E+03
 40|  2050  |     None    |     None    | 2.08859E-03 | 2.55973E+03
 45|  2300  |     None    |     None    | 2.89774E-03 | 2.75135E+03
 50|  2550  |     None    |     None    | 3.18022E-03 | 2.51079E+03
 55|  2800  |     None    |     None    | 4.29816E-03 | 3.33660E+03
 60|  3050  |     None    |     None    | 4.31261E-03 | 2.97191E+03
 65|  3300  |     None    |     None    | 4.65918E-03 | 3.08175E+03
 70|  3550  |     None    |     None    | 4.16247E-03 | 3.15724E+03
 75|  3800  |     None    |     None    | 5.24694E-03 | 3.47025E+03
 80|  4050  |     None    |     None    | 5.03961E-03 | 3.32225E+03
 85|  4300  |     None    |     None    | 6.41090E-03 | 2.87762E+03
 90|  4550  |     None    |     None    | 7.00008E-03 | 3.39784E+03
 95|  4800  |     None    |     None    | 5.86804E-03 | 3.08292E+03
 99|  5000  |     None    |     None    | 6.00273E-03 | 2.59627E+03
<bound method Population.getInfo of <geatpy.Population.Population object at 0x0000020AD4990130>>
用时：15.09165358543396 秒
非支配个体数：50 个

Process finished with exit code 0
