C:\Users\25760\.conda\envs\torch\python.exe "D:/Softwares/JetBrains/PyCharm 2023.1/plugins/python/helpers/pydev/pydevd.py" --multiprocess --qt-support=auto --client 127.0.0.1 --port 54495 --file E:\PythonProject\machine_learning\ML_project-Data_4\ML_project\MOEAs\NSGA2.py
Connected to pydev debugger (build 231.8109.197)
====================================================================
gen|  eval  |      gd     |     igd     |      hv     |   spacing
--------------------------------------------------------------------
 0 |   50   |     None    |     None    | 3.56482E-02 | 4.49456E+03
 5 |  300   |     None    |     None    | 4.46979E-02 | 3.04932E+03
 10|  550   |     None    |     None    | 4.50081E-02 | 2.76832E+03
 15|  800   |     None    |     None    | 4.45762E-02 | 2.25811E+03
 20|  1050  |     None    |     None    | 4.47685E-02 | 2.87732E+03
 25|  1300  |     None    |     None    | 4.44994E-02 | 2.63963E+03
 30|  1550  |     None    |     None    | 4.24535E-02 | 2.62658E+03
 35|  1800  |     None    |     None    | 4.03180E-02 | 2.12495E+03
 40|  2050  |     None    |     None    | 5.17042E-02 | 1.66380E+03
 45|  2300  |     None    |     None    | 5.32513E-02 | 1.59414E+03
 50|  2550  |     None    |     None    | 5.33480E-02 | 1.87340E+03
 55|  2800  |     None    |     None    | 5.55832E-02 | 2.36486E+03
 60|  3050  |     None    |     None    | 5.88242E-02 | 2.44483E+03
 65|  3300  |     None    |     None    | 6.00024E-02 | 2.11544E+03
 70|  3550  |     None    |     None    | 6.07157E-02 | 1.72031E+03
 75|  3800  |     None    |     None    | 5.81617E-02 | 2.31103E+03
 80|  4050  |     None    |     None    | 5.77020E-02 | 1.48525E+03
 85|  4300  |     None    |     None    | 6.10933E-02 | 2.48679E+03
 90|  4550  |     None    |     None    | 6.02384E-02 | 2.39982E+03
 95|  4800  |     None    |     None    | 6.49797E-02 | 2.58948E+03
 99|  5000  |     None    |     None    | 6.72426E-02 | 2.47996E+03
<bound method Population.getInfo of <geatpy.Population.Population object at 0x0000021C1A50B700>>
用时：802.9314413070679 秒
非支配个体数：50 个

Process finished with exit code 0
