C:\Users\25760\.conda\envs\torch\python.exe "D:/Softwares/JetBrains/PyCharm 2023.1/plugins/python/helpers/pydev/pydevd.py" --multiprocess --qt-support=auto --client 127.0.0.1 --port 49307 --file E:\PythonProject\machine_learning\ML_project-Data_4\ML_project\MOEAs\awGA.py
Connected to pydev debugger (build 231.8109.197)
====================================================================
gen|  eval  |      gd     |     igd     |      hv     |   spacing
--------------------------------------------------------------------
 0 |   50   |     None    |     None    | 3.56482E-02 | 4.49456E+03
 5 |  300   |     None    |     None    | 2.13315E-02 | 2.90473E+03
 10|  550   |     None    |     None    | 1.04398E-02 | 1.93180E+03
 15|  800   |     None    |     None    | 6.63850E-03 | 2.54498E+03
 20|  1050  |     None    |     None    | 1.78223E-03 | 1.21618E+03
 25|  1300  |     None    |     None    | 1.86011E-03 | 8.26037E+02
 30|  1550  |     None    |     None    | 1.58386E-03 | 7.54181E+02
 35|  1800  |     None    |     None    | 4.58791E-04 | 3.52630E+02
 40|  2050  |     None    |     None    | 4.89875E-04 | 3.57391E+02
 45|  2300  |     None    |     None    | 4.28222E-04 | 2.62815E+02
 50|  2550  |     None    |     None    | 3.25365E-04 | 2.99372E+02
 55|  2800  |     None    |     None    | 2.70998E-04 | 2.14235E+02
 60|  3050  |     None    |     None    | 3.19202E-04 | 1.66042E+02
 65|  3300  |     None    |     None    | 2.58594E-04 | 2.19915E+02
 70|  3550  |     None    |     None    | 2.30056E-04 | 1.56511E+02
 75|  3800  |     None    |     None    | 1.66533E-04 | 1.67049E+02
 80|  4050  |     None    |     None    | 1.47892E-04 | 1.00179E+02
 85|  4300  |     None    |     None    | 1.42252E-04 | 9.81259E+01
 90|  4550  |     None    |     None    | 2.15309E-04 | 1.79785E+02
 95|  4800  |     None    |     None    | 1.52753E-04 | 1.29660E+02
 99|  5000  |     None    |     None    | 4.36904E-03 | 1.26034E+03
用时：922.3257329463959 秒
非支配个体数：50 个

Process finished with exit code 0
