C:\Users\25760\.conda\envs\torch\python.exe "D:/Softwares/JetBrains/PyCharm 2023.1/plugins/python/helpers/pydev/pydevd.py" --multiprocess --qt-support=auto --client 127.0.0.1 --port 55629 --file E:\PythonProject\machine_learning\ML_project-Data_4\ML_project\MOEAs\NSGA3.py
Connected to pydev debugger (build 231.8109.197)
====================================================================
gen|  eval  |      gd     |     igd     |      hv     |   spacing
--------------------------------------------------------------------
 0 |   35   |     None    |     None    | 8.33187E-02 | 1.30496E+04
 5 |  210   |     None    |     None    | 7.21443E-02 | 5.16226E+03
 10|  385   |     None    |     None    | 6.68142E-02 | 7.55266E+03
 15|  560   |     None    |     None    | 4.08267E-02 | 4.05300E+03
 20|  735   |     None    |     None    | 1.89109E-02 | 2.15019E+03
 25|  910   |     None    |     None    | 1.15361E-02 | 9.71235E+02
 30|  1085  |     None    |     None    | 6.30731E-03 | 1.84500E+03
 35|  1260  |     None    |     None    | 5.40654E-03 | 1.23788E+03
 40|  1435  |     None    |     None    | 2.97521E-03 | 1.45370E+03
 45|  1610  |     None    |     None    | 2.01843E-03 | 8.63509E+02
 50|  1785  |     None    |     None    | 1.85851E-03 | 8.16290E+02
 55|  1960  |     None    |     None    | 2.73433E-03 | 7.39477E+02
 60|  2135  |     None    |     None    | 1.84606E-03 | 7.60808E+02
 65|  2310  |     None    |     None    | 1.96152E-03 | 9.89745E+02
 70|  2485  |     None    |     None    | 2.01597E-03 | 8.51283E+02
 75|  2660  |     None    |     None    | 1.79687E-03 | 7.88060E+02
 80|  2835  |     None    |     None    | 1.79452E-03 | 9.25322E+02
 85|  3010  |     None    |     None    | 1.81618E-03 | 9.62284E+02
 90|  3185  |     None    |     None    | 1.48456E-03 | 7.68480E+02
 95|  3360  |     None    |     None    | 1.49520E-03 | 6.11423E+02
 99|  3500  |     None    |     None    | 1.42113E-03 | 4.74711E+02
用时：437.35469460487366 秒
非支配个体数：35 个

Process finished with exit code 0
