C:\Users\25760\.conda\envs\torch\python.exe "D:/Softwares/JetBrains/PyCharm 2023.1/plugins/python/helpers/pydev/pydevd.py" --multiprocess --qt-support=auto --client 127.0.0.1 --port 61078 --file E:\PythonProject\machine_learning\ML_project-Data_4\ML_project\MOEAs\MOPSO.py
Connected to pydev debugger (build 231.8109.197)
====================================================================
gen|  eval  |      gd     |     igd     |      hv     |   spacing
--------------------------------------------------------------------
 0 |   50   |     None    |     None    | 8.34706E-02 | 3.61563E+04
 5 |  300   |     None    |     None    | 1.14136E-01 | 1.25258E+04
 10|  550   |     None    |     None    | 9.54167E-02 | 1.11109E+04
 15|  800   |     None    |     None    | 9.11486E-02 | 1.39264E+04
 20|  1050  |     None    |     None    | 9.13845E-02 | 1.11891E+04
 25|  1300  |     None    |     None    | 9.57261E-02 | 1.17883E+04
 30|  1550  |     None    |     None    | 7.86155E-02 | 1.11230E+04
 35|  1800  |     None    |     None    | 8.83407E-02 | 1.32238E+04
 40|  2050  |     None    |     None    | 9.42801E-02 | 1.40114E+04
 45|  2300  |     None    |     None    | 8.57536E-02 | 1.34820E+04
 50|  2550  |     None    |     None    | 7.94494E-02 | 9.42960E+03
 55|  2800  |     None    |     None    | 8.53700E-02 | 1.26204E+04
 60|  3050  |     None    |     None    | 1.03836E-01 | 1.02312E+04
 65|  3300  |     None    |     None    | 9.94737E-02 | 1.07674E+04
 70|  3550  |     None    |     None    | 1.02077E-01 | 9.66619E+03
 75|  3800  |     None    |     None    | 9.94542E-02 | 8.94792E+03
 80|  4050  |     None    |     None    | 1.02251E-01 | 1.01492E+04
 85|  4300  |     None    |     None    | 1.02654E-01 | 1.19745E+04
 90|  4550  |     None    |     None    | 1.05895E-01 | 1.19146E+04
 95|  4800  |     None    |     None    | 1.03309E-01 | 1.21254E+04
 99|  5000  |     None    |     None    | 1.10131E-01 | 4.93214E+03
用时：591.5166718959808 秒
非支配个体数：500 个

Process finished with exit code 0
