C:\Users\25760\.conda\envs\torch\python.exe "D:/Softwares/JetBrains/PyCharm 2023.1/plugins/python/helpers/pydev/pydevd.py" --multiprocess --qt-support=auto --client 127.0.0.1 --port 54184 --file E:\PythonProject\machine_learning\ML_project-Data_4\ML_project\MOEAs\REVA.py
Connected to pydev debugger (build 231.8109.197)
====================================================================
gen|  eval  |      gd     |     igd     |      hv     |   spacing
--------------------------------------------------------------------
 0 |   35   |     None    |     None    | 3.20498E-02 | 5.71159E+03
 5 |  210   |     None    |     None    | 8.36989E-03 | 2.48098E+03
 10|  385   |     None    |     None    | 1.11469E-03 | 6.69063E+02
 15|  560   |     None    |     None    | 1.80677E-03 | 1.86361E+03
 20|  735   |     None    |     None    | 6.06191E-04 | 1.34835E+03
 25|  910   |     None    |     None    | 5.64994E-04 | 3.88695E+02
 30|  1085  |     None    |     None    | 3.87011E-04 | 4.76030E+02
 35|  1260  |     None    |     None    | 5.42069E-04 | 5.61685E+02
 40|  1435  |     None    |     None    | 3.86984E-04 | 4.81899E+02
 45|  1610  |     None    |     None    | 7.68068E-04 | 4.40462E+02
 50|  1785  |     None    |     None    | 4.19510E-04 | 7.25794E+02
 55|  1960  |     None    |     None    | 4.69318E-04 | 1.26023E+03
 60|  2135  |     None    |     None    | 5.52917E-04 | 4.38209E+02
 65|  2310  |     None    |     None    | 3.53643E-04 | 5.52286E+02
 70|  2485  |     None    |     None    | 1.96371E-04 | 5.76901E+02
 75|  2660  |     None    |     None    | 4.56436E-04 | 3.81446E+02
 80|  2835  |     None    |     None    | 3.83562E-04 | 3.07654E+02
 85|  3010  |     None    |     None    | 2.42015E-04 | 1.73901E+02
 90|  3185  |     None    |     None    | 3.23234E-04 | 3.30218E+02
 95|  3360  |     None    |     None    | 2.61813E-04 | 9.56350E+02
 99|  3500  |     None    |     None    | 6.77853E-04 | 7.65371E+02
用时：491.5682330131531 秒
非支配个体数：15 个

Process finished with exit code 0
