C:\Users\25760\.conda\envs\torch\python.exe "D:/Softwares/JetBrains/PyCharm 2023.1/plugins/python/helpers/pydev/pydevd.py" --multiprocess --qt-support=auto --client 127.0.0.1 --port 49270 --file E:\PythonProject\machine_learning\ML_project-Data_4\ML_project\MOEAs\MOPSO.py
Connected to pydev debugger (build 231.8109.197)
====================================================================
gen|  eval  |      gd     |     igd     |      hv     |   spacing
--------------------------------------------------------------------
 0 |   50   |     None    |     None    | 8.83448E-02 | 1.40679E+04
 5 |  300   |     None    |     None    | 1.14605E-01 | 6.47266E+03
 10|  550   |     None    |     None    | 1.04459E-01 | 6.92713E+03
 15|  800   |     None    |     None    | 9.99582E-02 | 6.76784E+03
 20|  1050  |     None    |     None    | 7.73006E-02 | 5.72080E+03
 25|  1300  |     None    |     None    | 6.93262E-02 | 4.91024E+03
 30|  1550  |     None    |     None    | 7.72910E-02 | 3.75070E+03
 35|  1800  |     None    |     None    | 7.53340E-02 | 4.25488E+03
 40|  2050  |     None    |     None    | 7.72060E-02 | 5.11800E+03
 45|  2300  |     None    |     None    | 7.30872E-02 | 5.17845E+03
 50|  2550  |     None    |     None    | 7.95316E-02 | 4.72225E+03
 55|  2800  |     None    |     None    | 8.87859E-02 | 6.02970E+03
 60|  3050  |     None    |     None    | 8.98710E-02 | 6.39831E+03
 65|  3300  |     None    |     None    | 8.76443E-02 | 5.63054E+03
 70|  3550  |     None    |     None    | 9.21861E-02 | 7.05135E+03
 75|  3800  |     None    |     None    | 9.39124E-02 | 6.55424E+03
 80|  4050  |     None    |     None    | 8.81878E-02 | 6.06706E+03
 85|  4300  |     None    |     None    | 9.01615E-02 | 5.49468E+03
 90|  4550  |     None    |     None    | 9.82298E-02 | 5.89211E+03
 95|  4800  |     None    |     None    | 8.82163E-02 | 5.45296E+03
 99|  5000  |     None    |     None    | 1.07967E-01 | 2.25857E+03
用时：672.6238844394684 秒
非支配个体数：500 个

Process finished with exit code 0
