2023-08-01 15:42:24,878 - INFO - Best parameters:
2023-08-01 16:02:13,284 - INFO - 从D:\Code\PythonProject\ML_project\resource\基础数据-20230723.csv加载数据集
2023-08-01 16:02:13,297 - INFO - 数据加载完成，耗时-0.010001420974731445
2023-08-01 16:02:13,297 - INFO - 数据处理
2023-08-01 16:02:13,297 - INFO - 拆分数据集
2023-08-01 16:02:13,298 - INFO - 数据标准化预处理
2023-08-01 16:02:13,299 - INFO - 定义参数网格：	
{'kernel': ['linear', 'rbf', 'poly', 'sigmoid'], 'C': [10], 'gamma': ['scale', 'auto', 0.01], 'epsilon': [0.01], 'degree': [5], 'coef0': [1], 'shrinking': [False], 'tol': [0.001], 'max_iter': [5000], 'cache_size': [100], 'verbose': [0]}
2023-08-01 16:02:13,300 - INFO - 创建SVR模型
2023-08-01 16:02:13,300 - INFO - 定义GridSearchCV对象，指定参数网格、交叉验证的折数和评估指标:	
GridSearchCV(estimator=svr_model, param_grid=param_grid, cv=5, scoring=neg_mean_squared_error,n_jobs=-1)
2023-08-01 16:02:13,300 - INFO - 使用grid_search算法进行最优参数的检索……
2023-08-01 16:02:17,246 - INFO - Best parameters:
2023-08-01 16:02:17,246 - INFO - grid_search算法执行完毕，耗时-3.946138381958008
2023-08-01 16:02:17,246 - INFO - 在测试集上评估最佳模型……
2023-08-01 16:05:54,298 - INFO - 从D:\Code\PythonProject\ML_project\resource\基础数据-20230723.csv加载数据集
2023-08-01 16:05:54,307 - INFO - 数据加载完成，耗时-0.00900125503540039
2023-08-01 16:05:54,307 - INFO - 数据处理
2023-08-01 16:05:54,307 - INFO - 拆分数据集
2023-08-01 16:05:54,308 - INFO - 数据标准化预处理
2023-08-01 16:05:54,309 - INFO - 定义参数网格：	
{'kernel': ['linear', 'rbf', 'poly', 'sigmoid'], 'C': [10], 'gamma': ['scale', 'auto', 0.01], 'epsilon': [0.01], 'degree': [5], 'coef0': [1], 'shrinking': [False], 'tol': [0.001], 'max_iter': [5000], 'cache_size': [100], 'verbose': [0]}
2023-08-01 16:05:54,309 - INFO - 创建SVR模型
2023-08-01 16:05:54,309 - INFO - 定义GridSearchCV对象，指定参数网格、交叉验证的折数和评估指标:	
GridSearchCV(estimator=svr_model, param_grid=param_grid, cv=5, scoring=neg_mean_squared_error,n_jobs=-1)
2023-08-01 16:05:54,309 - INFO - 使用grid_search算法进行最优参数的检索……
2023-08-01 16:05:58,416 - INFO - Best parameters:
2023-08-01 16:05:58,416 - INFO - grid_search算法执行完毕，耗时-4.106606960296631
2023-08-01 16:05:58,416 - INFO - 在测试集上评估最佳模型……
2023-08-01 16:05:58,418 - INFO - MAE：0.08068245634413364
2023-08-01 16:05:58,418 - INFO - MSE：0.01036694932792521
2023-08-01 16:05:58,418 - INFO - EVS：0.9897224278079263
2023-08-01 16:05:58,418 - INFO - MedAE:0.06932585762268856
2023-08-01 16:05:58,418 - INFO - MSLE:0
2023-08-01 16:05:58,419 - INFO - RAE:0.10205108913420674
2023-08-01 16:05:58,419 - INFO - RSE:3.797752606501208e+26
2023-08-01 16:05:58,419 - INFO - RMSE:0.10181821707300324
2023-08-01 16:05:58,419 - INFO - R2：0.9896330506720747
