C:\Users\25760\.conda\envs\torch\python.exe "D:/Softwares/JetBrains/PyCharm 2023.1/plugins/python/helpers/pydev/pydevd.py" --multiprocess --qt-support=auto --client 127.0.0.1 --port 60850 --file E:\PythonProject\machine_learning\ML_project-Data_4\ML_project\MOEAs\awGA.py
Connected to pydev debugger (build 231.8109.197)
====================================================================
gen|  eval  |      gd     |     igd     |      hv     |   spacing
--------------------------------------------------------------------
 0 |   50   |     None    |     None    | 3.31968E-03 | 1.22083E+04
 5 |  300   |     None    |     None    | 1.08942E-03 | 5.23805E+03
 10|  550   |     None    |     None    | 2.26215E-04 | 8.63950E+03
 15|  800   |     None    |     None    | 2.37049E-04 | 4.21532E+03
 20|  1050  |     None    |     None    | 1.65109E-04 | 1.47602E+03
 25|  1300  |     None    |     None    | 1.31349E-04 | 1.79337E+03
 30|  1550  |     None    |     None    | 7.19374E-05 | 2.87531E+03
 35|  1800  |     None    |     None    | 1.01277E-04 | 2.34611E+03
 40|  2050  |     None    |     None    | 5.79029E-05 | 1.70256E+03
 45|  2300  |     None    |     None    | 3.73602E-05 | 1.01946E+03
 50|  2550  |     None    |     None    | 3.34314E-05 | 8.15755E+02
 55|  2800  |     None    |     None    | 1.40711E-05 | 1.37001E+03
 60|  3050  |     None    |     None    | 7.32192E-06 | 7.81875E+02
 65|  3300  |     None    |     None    | 8.34791E-06 | 4.68258E+02
 70|  3550  |     None    |     None    | 2.63087E-06 | 3.11356E+02
 75|  3800  |     None    |     None    | 2.56505E-06 | 4.35892E+02
 80|  4050  |     None    |     None    | 2.63657E-05 | 1.09635E+03
 85|  4300  |     None    |     None    | 8.17496E-06 | 9.08731E+02
 90|  4550  |     None    |     None    | 6.73559E-06 | 4.34332E+02
 95|  4800  |     None    |     None    | 8.59339E-06 | 6.38992E+02
 99|  5000  |     None    |     None    | 2.35031E-03 | 3.51793E+03
用时：11.681896924972534 秒
非支配个体数：50 个

Process finished with exit code 0
