C:\Users\25760\.conda\envs\torch\python.exe "D:/Softwares/JetBrains/PyCharm 2023.1/plugins/python/helpers/pydev/pydevd.py" --multiprocess --qt-support=auto --client 127.0.0.1 --port 55927 --file E:\PythonProject\machine_learning\ML_project-Data_4\ML_project\MOEAs\MOPSO.py
Connected to pydev debugger (build 231.8109.197)
====================================================================
gen|  eval  |      gd     |     igd     |      hv     |   spacing
--------------------------------------------------------------------
 0 |   50   |     None    |     None    | 8.41278E-02 | 1.20380E+04
 5 |  300   |     None    |     None    | 1.21020E-01 | 4.72256E+03
 10|  550   |     None    |     None    | 1.21094E-01 | 4.13869E+03
 15|  800   |     None    |     None    | 1.41569E-01 | 4.84993E+03
 20|  1050  |     None    |     None    | 1.60546E-01 | 4.02064E+03
 25|  1300  |     None    |     None    | 1.59954E-01 | 6.69793E+03
 30|  1550  |     None    |     None    | 1.53097E-01 | 4.35985E+03
 35|  1800  |     None    |     None    | 1.50846E-01 | 4.37262E+03
 40|  2050  |     None    |     None    | 1.59202E-01 | 4.83113E+03
 45|  2300  |     None    |     None    | 1.53086E-01 | 4.53947E+03
 50|  2550  |     None    |     None    | 1.38999E-01 | 3.38345E+03
 55|  2800  |     None    |     None    | 8.27437E-02 | 3.96091E+03
 60|  3050  |     None    |     None    | 9.24961E-02 | 3.66694E+03
 65|  3300  |     None    |     None    | 8.94053E-02 | 3.97539E+03
 70|  3550  |     None    |     None    | 9.55923E-02 | 4.19813E+03
 75|  3800  |     None    |     None    | 9.70905E-02 | 3.44645E+03
 80|  4050  |     None    |     None    | 9.74624E-02 | 3.13865E+03
 85|  4300  |     None    |     None    | 9.74166E-02 | 3.65663E+03
 90|  4550  |     None    |     None    | 9.32373E-02 | 4.19389E+03
 95|  4800  |     None    |     None    | 9.15838E-02 | 2.83006E+03
 99|  5000  |     None    |     None    | 1.00085E-01 | 1.59515E+03
用时：743.3912980556488 秒
非支配个体数：500 个

Process finished with exit code 0
