C:\Users\25760\.conda\envs\torch\python.exe "D:/Softwares/JetBrains/PyCharm 2023.1/plugins/python/helpers/pydev/pydevd.py" --multiprocess --qt-support=auto --client 127.0.0.1 --port 53906 --file E:\PythonProject\machine_learning\ML_project-Data_4\ML_project\MOEAs\awGA.py
Connected to pydev debugger (build 231.8109.197)
====================================================================
gen|  eval  |      gd     |     igd     |      hv     |   spacing
--------------------------------------------------------------------
 0 |   50   |     None    |     None    | 8.41278E-02 | 1.20380E+04
 5 |  300   |     None    |     None    | 2.63500E-02 | 2.95293E+03
 10|  550   |     None    |     None    | 2.23383E-02 | 5.17751E+03
 15|  800   |     None    |     None    | 4.28219E-03 | 1.21284E+03
 20|  1050  |     None    |     None    | 1.21319E-03 | 1.01406E+03
 25|  1300  |     None    |     None    | 1.25190E-03 | 5.79410E+02
 30|  1550  |     None    |     None    | 1.14806E-03 | 4.46356E+02
 35|  1800  |     None    |     None    | 4.74685E-04 | 3.16284E+02
 40|  2050  |     None    |     None    | 3.94823E-04 | 1.90823E+02
 45|  2300  |     None    |     None    | 2.74508E-04 | 1.50069E+02
 50|  2550  |     None    |     None    | 2.68533E-04 | 1.16101E+02
 55|  2800  |     None    |     None    | 1.57409E-04 | 1.77333E+02
 60|  3050  |     None    |     None    | 2.02104E-04 | 1.93631E+02
 65|  3300  |     None    |     None    | 1.60316E-04 | 7.40478E+01
 70|  3550  |     None    |     None    | 1.55368E-04 | 9.71730E+01
 75|  3800  |     None    |     None    | 1.33473E-04 | 7.47267E+01
 80|  4050  |     None    |     None    | 1.53215E-04 | 8.87771E+01
 85|  4300  |     None    |     None    | 1.19165E-04 | 9.21504E+01
 90|  4550  |     None    |     None    | 1.26463E-04 | 8.63249E+01
 95|  4800  |     None    |     None    | 1.30181E-04 | 1.03916E+02
 99|  5000  |     None    |     None    | 1.90983E-02 | 2.87934E+03
用时：615.648295879364 秒
非支配个体数：50 个

Process finished with exit code 0
