C:\Users\25760\.conda\envs\torch\python.exe "D:/Softwares/JetBrains/PyCharm 2023.1/plugins/python/helpers/pydev/pydevd.py" --multiprocess --qt-support=auto --client 127.0.0.1 --port 51194 --file E:\PythonProject\machine_learning\ML_project-Data_4\ML_project\MOEAs\IBEA.py
Connected to pydev debugger (build 231.8109.197)
====================================================================
gen|  eval  |      gd     |     igd     |      hv     |   spacing
--------------------------------------------------------------------
 0 |   35   |     None    |     None    | 5.68354E-02 | 1.17061E+04
 5 |  210   |     None    |     None    | 2.23226E-02 | 5.72198E+03
 10|  385   |     None    |     None    | 1.34902E-02 | 7.20556E+03
 15|  560   |     None    |     None    | 3.49457E-03 | 1.99410E+03
 20|  735   |     None    |     None    | 2.05711E-03 | 1.54413E+03
 25|  910   |     None    |     None    | 1.73054E-03 | 1.85446E+03
 30|  1085  |     None    |     None    | 9.75020E-04 | 2.30796E+03
 35|  1260  |     None    |     None    | 6.95275E-04 | 1.31705E+03
 40|  1435  |     None    |     None    | 8.39696E-04 | 1.09253E+03
 45|  1610  |     None    |     None    | 6.40413E-04 | 9.16134E+02
 50|  1785  |     None    |     None    | 6.60951E-04 | 3.99661E+02
 55|  1960  |     None    |     None    | 7.47696E-04 | 7.86538E+02
 60|  2135  |     None    |     None    | 6.59422E-04 | 7.41186E+02
 65|  2310  |     None    |     None    | 5.91870E-04 | 6.91030E+02
 70|  2485  |     None    |     None    | 6.49952E-04 | 4.93605E+02
 75|  2660  |     None    |     None    | 6.22857E-04 | 6.33854E+02
 80|  2835  |     None    |     None    | 5.26469E-04 | 6.98296E+02
 85|  3010  |     None    |     None    | 7.16815E-04 | 6.75162E+02
 90|  3185  |     None    |     None    | 1.12052E-03 | 1.66415E+03
 95|  3360  |     None    |     None    | 6.16745E-04 | 6.43477E+02
 99|  3500  |     None    |     None    | 5.99612E-04 | 4.51066E+02
用时：629.1487064361572 秒
非支配个体数：32 个

Process finished with exit code 0
