C:\Users\25760\.conda\envs\torch\python.exe "D:/Softwares/JetBrains/PyCharm 2023.1/plugins/python/helpers/pydev/pydevd.py" --multiprocess --qt-support=auto --client 127.0.0.1 --port 61478 --file E:\PythonProject\machine_learning\ML_project-Data_4\ML_project\MOEAs\IBEA.py
Connected to pydev debugger (build 231.8109.197)
====================================================================
gen|  eval  |      gd     |     igd     |      hv     |   spacing
--------------------------------------------------------------------
 0 |   35   |     None    |     None    | 6.00123E-02 | 2.59246E+04
 5 |  210   |     None    |     None    | 3.01339E-02 | 1.52926E+04
 10|  385   |     None    |     None    | 1.95961E-02 | 8.43481E+03
 15|  560   |     None    |     None    | 1.73402E-02 | 9.59449E+03
 20|  735   |     None    |     None    | 3.48383E-03 | 6.19222E+03
 25|  910   |     None    |     None    | 1.45546E-03 | 2.35974E+03
 30|  1085  |     None    |     None    | 8.62016E-04 | 3.54590E+03
 35|  1260  |     None    |     None    | 5.54560E-04 | 3.62892E+03
 40|  1435  |     None    |     None    | 5.15428E-04 | 7.11505E+02
 45|  1610  |     None    |     None    | 5.17661E-04 | 1.09382E+03
 50|  1785  |     None    |     None    | 6.45227E-04 | 1.97785E+03
 55|  1960  |     None    |     None    | 6.17550E-04 | 1.50700E+03
 60|  2135  |     None    |     None    | 6.44536E-04 | 1.65185E+03
 65|  2310  |     None    |     None    | 6.36942E-04 | 1.65489E+03
 70|  2485  |     None    |     None    | 5.38436E-04 | 1.53058E+03
 75|  2660  |     None    |     None    | 7.52891E-04 | 1.23102E+03
 80|  2835  |     None    |     None    | 5.05562E-04 | 1.26700E+03
 85|  3010  |     None    |     None    | 4.74258E-04 | 9.71163E+02
 90|  3185  |     None    |     None    | 4.01571E-04 | 8.35372E+02
 95|  3360  |     None    |     None    | 6.70708E-04 | 1.24321E+03
 99|  3500  |     None    |     None    | 6.26607E-04 | 5.40656E+02
用时：498.63053846359253 秒
非支配个体数：31 个

Process finished with exit code 0
