C:\Users\25760\.conda\envs\torch\python.exe "D:/Softwares/JetBrains/PyCharm 2023.1/plugins/python/helpers/pydev/pydevd.py" --multiprocess --qt-support=auto --client 127.0.0.1 --port 54225 --file E:\PythonProject\machine_learning\ML_project-Data_4\ML_project\MOEAs\NSGA2.py
Connected to pydev debugger (build 231.8109.197)
====================================================================
gen|  eval  |      gd     |     igd     |      hv     |   spacing
--------------------------------------------------------------------
 0 |   50   |     None    |     None    | 8.83448E-02 | 1.40679E+04
 5 |  300   |     None    |     None    | 1.14605E-01 | 6.47266E+03
 10|  550   |     None    |     None    | 8.81645E-02 | 6.52355E+03
 15|  800   |     None    |     None    | 1.19425E-01 | 7.30034E+03
 20|  1050  |     None    |     None    | 1.03097E-01 | 6.00113E+03
 25|  1300  |     None    |     None    | 9.37720E-02 | 5.08372E+03
 30|  1550  |     None    |     None    | 9.08592E-02 | 4.20792E+03
 35|  1800  |     None    |     None    | 9.65686E-02 | 4.68260E+03
 40|  2050  |     None    |     None    | 9.06715E-02 | 6.38561E+03
 45|  2300  |     None    |     None    | 1.01165E-01 | 5.25037E+03
 50|  2550  |     None    |     None    | 9.79447E-02 | 6.40923E+03
 55|  2800  |     None    |     None    | 9.05731E-02 | 5.42348E+03
 60|  3050  |     None    |     None    | 9.43252E-02 | 6.18903E+03
 65|  3300  |     None    |     None    | 1.03194E-01 | 5.58108E+03
 70|  3550  |     None    |     None    | 1.00595E-01 | 4.79844E+03
 75|  3800  |     None    |     None    | 9.93072E-02 | 6.84597E+03
 80|  4050  |     None    |     None    | 8.72005E-02 | 6.10300E+03
 85|  4300  |     None    |     None    | 8.43897E-02 | 6.88939E+03
 90|  4550  |     None    |     None    | 9.38837E-02 | 7.31985E+03
 95|  4800  |     None    |     None    | 8.77880E-02 | 5.28908E+03
 99|  5000  |     None    |     None    | 1.12434E-01 | 6.04922E+03
<bound method Population.getInfo of <geatpy.Population.Population object at 0x0000020858421D90>>
用时：844.2159457206726 秒
非支配个体数：50 个

Process finished with exit code 0
